mode: atomic
github.com/kbukum/dataprovider/provider.go:25.35,27.16 2 7
github.com/kbukum/dataprovider/provider.go:32.2,34.3 1 7
github.com/kbukum/dataprovider/provider.go:27.16,31.3 1 0
github.com/kbukum/dataprovider/provider.go:37.61,40.2 2 2
github.com/kbukum/dataprovider/provider.go:42.51,43.28 1 6
github.com/kbukum/dataprovider/provider.go:46.2,46.38 1 6
github.com/kbukum/dataprovider/provider.go:43.28,45.3 1 0
github.com/kbukum/dataprovider/provider.go:49.54,50.16 1 1
github.com/kbukum/dataprovider/provider.go:53.2,54.12 2 1
github.com/kbukum/dataprovider/provider.go:50.16,52.3 1 0
github.com/kbukum/dataprovider/provider.go:57.28,60.2 2 1
github.com/kbukum/dataprovider/provider.go:62.48,63.30 1 8
github.com/kbukum/dataprovider/provider.go:68.2,68.81 1 0
github.com/kbukum/dataprovider/provider.go:63.30,64.16 1 12
github.com/kbukum/dataprovider/provider.go:64.16,66.4 1 8
github.com/kbukum/dataprovider/file.go:13.78,15.16 2 2
github.com/kbukum/dataprovider/file.go:18.2,20.23 3 2
github.com/kbukum/dataprovider/file.go:23.2,23.33 1 2
github.com/kbukum/dataprovider/file.go:15.16,17.3 1 0
github.com/kbukum/dataprovider/file.go:20.23,22.3 1 0
github.com/kbukum/dataprovider/file.go:26.65,30.2 1 3
github.com/kbukum/dataprovider/http.go:23.52,24.17 1 1
github.com/kbukum/dataprovider/http.go:27.2,27.14 1 1
github.com/kbukum/dataprovider/http.go:24.17,26.3 1 0
github.com/kbukum/dataprovider/http.go:30.78,35.27 5 2
github.com/kbukum/dataprovider/http.go:53.2,53.16 1 2
github.com/kbukum/dataprovider/http.go:56.2,57.16 2 2
github.com/kbukum/dataprovider/http.go:61.2,61.16 1 2
github.com/kbukum/dataprovider/http.go:64.2,66.23 3 2
github.com/kbukum/dataprovider/http.go:77.2,77.33 1 2
github.com/kbukum/dataprovider/http.go:36.14,39.32 2 1
github.com/kbukum/dataprovider/http.go:40.18,44.45 3 1
github.com/kbukum/dataprovider/http.go:49.3,49.36 1 1
github.com/kbukum/dataprovider/http.go:50.10,51.35 1 0
github.com/kbukum/dataprovider/http.go:44.45,45.40 1 0
github.com/kbukum/dataprovider/http.go:45.40,47.5 1 0
github.com/kbukum/dataprovider/http.go:53.16,55.3 1 0
github.com/kbukum/dataprovider/http.go:57.16,59.3 1 0
github.com/kbukum/dataprovider/http.go:61.16,63.3 1 0
github.com/kbukum/dataprovider/http.go:66.23,69.24 3 0
github.com/kbukum/dataprovider/http.go:72.3,73.40 2 0
github.com/kbukum/dataprovider/http.go:69.24,71.4 1 0
github.com/kbukum/dataprovider/http.go:73.40,75.4 1 0
github.com/kbukum/dataprovider/http.go:80.65,84.2 1 4
